Pre-warming cache...
Cache miss, fetching fresh data...
Task Monitor Server running on http://127.0.0.1:3030
Workspace: /Users/_xvadur/singularity/jarvis-workspace
Data dir: /Users/_xvadur/singularity/jarvis-workspace/data
Jarvis inbox cron: every 180 minutes
Cache updated successfully
Cache pre-warmed successfully
Cache miss, fetching fresh data...
Cache updated successfully
Cache hit: 0s old
Cache miss, fetching fresh data...
Cache updated successfully
Cache miss, fetching fresh data...
Cache updated successfully
Cache miss, fetching fresh data...
Cache updated successfully
Cache hit: 1s old
Cache hit: 19s old
Cache miss, fetching fresh data...
Cache updated successfully
Cache hit: 0s old
Cache hit: 28s old
Cache miss, fetching fresh data...
Cache updated successfully
Cache miss, fetching fresh data...
Cache updated successfully
Cache miss, fetching fresh data...
Cache updated successfully
Cache miss, fetching fresh data...
Cache updated successfully
Cache miss, fetching fresh data...
Cache updated successfully
Cache miss, fetching fresh data...
Cache updated successfully
Cache hit: 8s old
Cache hit: 26s old
Cache hit: 26s old
Cache miss, fetching fresh data...
Cache updated successfully
Cache hit: 30s old
Cache miss, fetching fresh data...
Cache updated successfully
Cache hit: 30s old
Cache miss, fetching fresh data...
Cache updated successfully
Cache hit: 30s old
Cache miss, fetching fresh data...
Cache updated successfully
Cache miss, fetching fresh data...
Cache updated successfully
Cache miss, fetching fresh data...
Cache updated successfully
Cache miss, fetching fresh data...
Cache updated successfully
Cache hit: 4s old
Cache hit: 4s old
Cache miss, fetching fresh data...
Cache updated successfully
Cache hit: 19s old
Cache miss, fetching fresh data...
Cache updated successfully
Cache miss, fetching fresh data...
Cache updated successfully
Cache miss, fetching fresh data...
Cache updated successfully
Cache miss, fetching fresh data...
Cache updated successfully
Cache hit: 10s old
Cache miss, fetching fresh data...
Cache updated successfully
Cache hit: 30s old
Cache miss, fetching fresh data...
Cache updated successfully
Cache miss, fetching fresh data...
Cache updated successfully
Cache miss, fetching fresh data...
Cache updated successfully
Cache miss, fetching fresh data...
Cache updated successfully
Cache miss, fetching fresh data...
Cache updated successfully
Cache miss, fetching fresh data...
Cache updated successfully
Cache miss, fetching fresh data...
Cache updated successfully
Cache miss, fetching fresh data...
Cache updated successfully
Cache miss, fetching fresh data...
Cache updated successfully
Cache miss, fetching fresh data...
Cache updated successfully
Cache miss, fetching fresh data...
Cache updated successfully
Cache miss, fetching fresh data...
Cache updated successfully
Cache miss, fetching fresh data...
Cache updated successfully
Cache miss, fetching fresh data...
Cache updated successfully
Cache miss, fetching fresh data...
Cache updated successfully
Cache miss, fetching fresh data...
Cache updated successfully
Cache miss, fetching fresh data...
Cache updated successfully
Cache miss, fetching fresh data...
Cache updated successfully
Cache miss, fetching fresh data...
Cache updated successfully
Cache miss, fetching fresh data...
Cache updated successfully
Cache miss, fetching fresh data...
Cache updated successfully
Cache miss, fetching fresh data...
Cache updated successfully
Cache miss, fetching fresh data...
Cache updated successfully
Cache miss, fetching fresh data...
Cache updated successfully
Cache miss, fetching fresh data...
Cache updated successfully
Cache miss, fetching fresh data...
Cache updated successfully
Cache miss, fetching fresh data...
Cache updated successfully
Cache miss, fetching fresh data...
Cache updated successfully
Cache miss, fetching fresh data...
Cache updated successfully
Cache miss, fetching fresh data...
Cache updated successfully
Cache miss, fetching fresh data...
Cache updated successfully
Cache miss, fetching fresh data...
Cache updated successfully
Cache miss, fetching fresh data...
Cache updated successfully
Cache miss, fetching fresh data...
Cache updated successfully
Cache miss, fetching fresh data...
Cache updated successfully
Cache miss, fetching fresh data...
Cache updated successfully
Cache miss, fetching fresh data...
Cache updated successfully
Cache miss, fetching fresh data...
Cache updated successfully
Cache miss, fetching fresh data...
Cache updated successfully
Cache miss, fetching fresh data...
Cache updated successfully
Cache miss, fetching fresh data...
Cache updated successfully
Cache miss, fetching fresh data...
Cache updated successfully
Cache miss, fetching fresh data...
Cache updated successfully
Cache miss, fetching fresh data...
Cache updated successfully
Cache miss, fetching fresh data...
Cache updated successfully
Cache miss, fetching fresh data...
Cache updated successfully
Cache miss, fetching fresh data...
Cache updated successfully
Cache miss, fetching fresh data...
Cache updated successfully
Cache miss, fetching fresh data...
Cache updated successfully
Cache miss, fetching fresh data...
Cache updated successfully
Cache miss, fetching fresh data...
Cache updated successfully
Cache miss, fetching fresh data...
Cache updated successfully
Cache miss, fetching fresh data...
Cache updated successfully
Cache miss, fetching fresh data...
Cache updated successfully
Cache miss, fetching fresh data...
Cache updated successfully
Cache miss, fetching fresh data...
Cache updated successfully
Cache miss, fetching fresh data...
Cache updated successfully
Cache miss, fetching fresh data...
Cache updated successfully
Cache miss, fetching fresh data...
Cache updated successfully
Cache miss, fetching fresh data...
Cache updated successfully
Cache miss, fetching fresh data...
Cache updated successfully
Cache miss, fetching fresh data...
Cache updated successfully
Cache miss, fetching fresh data...
Cache updated successfully
Cache miss, fetching fresh data...
Cache updated successfully
Cache miss, fetching fresh data...
Cache updated successfully
Cache miss, fetching fresh data...
Cache updated successfully
Cache miss, fetching fresh data...
Cache updated successfully
Cache miss, fetching fresh data...
Cache updated successfully
Cache miss, fetching fresh data...
Cache updated successfully
Cache miss, fetching fresh data...
Cache updated successfully
Cache miss, fetching fresh data...
Cache updated successfully
Cache miss, fetching fresh data...
Cache updated successfully
Cache miss, fetching fresh data...
Cache updated successfully
Cache miss, fetching fresh data...
Cache updated successfully
Cache miss, fetching fresh data...
Cache updated successfully
Cache miss, fetching fresh data...
Cache updated successfully
Cache miss, fetching fresh data...
Cache updated successfully
Cache miss, fetching fresh data...
Cache updated successfully
Cache miss, fetching fresh data...
Cache updated successfully
Cache miss, fetching fresh data...
Cache updated successfully
Cache miss, fetching fresh data...
Cache updated successfully
Cache miss, fetching fresh data...
Cache updated successfully
Cache miss, fetching fresh data...
Cache updated successfully
Cache miss, fetching fresh data...
Cache updated successfully
Cache miss, fetching fresh data...
Cache updated successfully
Cache miss, fetching fresh data...
Cache updated successfully
Cache miss, fetching fresh data...
Cache updated successfully
Cache miss, fetching fresh data...
Cache updated successfully
Cache miss, fetching fresh data...
Cache updated successfully
Cache miss, fetching fresh data...
Cache updated successfully
Cache miss, fetching fresh data...
Cache updated successfully
Cache miss, fetching fresh data...
Cache updated successfully
Cache miss, fetching fresh data...
Cache updated successfully
Cache miss, fetching fresh data...
Cache updated successfully
Cache miss, fetching fresh data...
Cache updated successfully
Cache miss, fetching fresh data...
Cache updated successfully
Cache miss, fetching fresh data...
Cache updated successfully
Cache miss, fetching fresh data...
Cache updated successfully
Cache miss, fetching fresh data...
Cache updated successfully
Cache miss, fetching fresh data...
Cache updated successfully
Cache miss, fetching fresh data...
Cache updated successfully
Cache miss, fetching fresh data...
Cache updated successfully
Cache miss, fetching fresh data...
Cache updated successfully
Cache miss, fetching fresh data...
Cache updated successfully
Cache miss, fetching fresh data...
Cache updated successfully
Cache miss, fetching fresh data...
Cache updated successfully
Cache miss, fetching fresh data...
Cache updated successfully
Cache miss, fetching fresh data...
Cache updated successfully
Cache miss, fetching fresh data...
Cache updated successfully
Cache miss, fetching fresh data...
Cache updated successfully
Cache miss, fetching fresh data...
Cache updated successfully
Cache miss, fetching fresh data...
Cache updated successfully
Cache miss, fetching fresh data...
Cache updated successfully
Cache miss, fetching fresh data...
Cache updated successfully
Cache miss, fetching fresh data...
Cache updated successfully
Cache miss, fetching fresh data...
Cache updated successfully
Cache miss, fetching fresh data...
Cache updated successfully
Cache miss, fetching fresh data...
Cache updated successfully
Cache miss, fetching fresh data...
Cache updated successfully
Cache miss, fetching fresh data...
Cache updated successfully
Cache miss, fetching fresh data...
Cache updated successfully
Cache miss, fetching fresh data...
Cache updated successfully
Cache miss, fetching fresh data...
Cache updated successfully
Cache miss, fetching fresh data...
Cache updated successfully
Cache miss, fetching fresh data...
Cache updated successfully
Cache miss, fetching fresh data...
Cache updated successfully
Cache miss, fetching fresh data...
Cache updated successfully
Cache miss, fetching fresh data...
Cache updated successfully
Cache miss, fetching fresh data...
Cache updated successfully
Cache miss, fetching fresh data...
Cache updated successfully
Cache miss, fetching fresh data...
Cache updated successfully
Cache miss, fetching fresh data...
Cache updated successfully
Cache miss, fetching fresh data...
Cache updated successfully
Cache miss, fetching fresh data...
Cache updated successfully
Cache miss, fetching fresh data...
Cache updated successfully
Cache miss, fetching fresh data...
Cache updated successfully
Cache miss, fetching fresh data...
Cache updated successfully
Cache miss, fetching fresh data...
Cache updated successfully
Cache miss, fetching fresh data...
Cache updated successfully
Cache miss, fetching fresh data...
Cache updated successfully
Cache miss, fetching fresh data...
Cache updated successfully
Cache miss, fetching fresh data...
Cache updated successfully
Cache miss, fetching fresh data...
Cache updated successfully
Cache miss, fetching fresh data...
Cache updated successfully
Cache miss, fetching fresh data...
Cache updated successfully
Cache miss, fetching fresh data...
Cache updated successfully
Cache miss, fetching fresh data...
Cache updated successfully
Cache miss, fetching fresh data...
Cache updated successfully
Cache miss, fetching fresh data...
Cache updated successfully
Cache miss, fetching fresh data...
Cache updated successfully
Cache miss, fetching fresh data...
Cache updated successfully
Cache miss, fetching fresh data...
Cache updated successfully
Cache miss, fetching fresh data...
Cache updated successfully
Cache miss, fetching fresh data...
Cache updated successfully
Cache miss, fetching fresh data...
Cache updated successfully
Cache miss, fetching fresh data...
Cache updated successfully
Cache miss, fetching fresh data...
Cache updated successfully
Cache miss, fetching fresh data...
Cache updated successfully
Cache miss, fetching fresh data...
Cache updated successfully
Cache miss, fetching fresh data...
Cache updated successfully
Cache miss, fetching fresh data...
Cache updated successfully
Cache miss, fetching fresh data...
Cache updated successfully
Cache miss, fetching fresh data...
Cache updated successfully
Cache miss, fetching fresh data...
Cache updated successfully
Cache miss, fetching fresh data...
Cache updated successfully
Cache miss, fetching fresh data...
Cache updated successfully
Cache miss, fetching fresh data...
Cache updated successfully
Cache miss, fetching fresh data...
Cache updated successfully
Cache miss, fetching fresh data...
Cache updated successfully
Cache miss, fetching fresh data...
Cache updated successfully
Cache miss, fetching fresh data...
Cache updated successfully
Cache miss, fetching fresh data...
Cache updated successfully
Cache miss, fetching fresh data...
Cache updated successfully
Cache miss, fetching fresh data...
Cache updated successfully
Cache miss, fetching fresh data...
Cache updated successfully
Cache miss, fetching fresh data...
Cache updated successfully
Cache miss, fetching fresh data...
Cache updated successfully
Cache miss, fetching fresh data...
Cache updated successfully
Cache miss, fetching fresh data...
Cache updated successfully
Cache miss, fetching fresh data...
Cache updated successfully
Cache miss, fetching fresh data...
Cache updated successfully
Cache miss, fetching fresh data...
Cache updated successfully
Cache miss, fetching fresh data...
Cache updated successfully
Cache miss, fetching fresh data...
Cache updated successfully
Cache miss, fetching fresh data...
Cache updated successfully
Cache miss, fetching fresh data...
Cache updated successfully
Cache miss, fetching fresh data...
Cache updated successfully
Cache miss, fetching fresh data...
Cache updated successfully
Cache miss, fetching fresh data...
Cache updated successfully
Cache miss, fetching fresh data...
Cache updated successfully
Cache miss, fetching fresh data...
Cache updated successfully
Cache miss, fetching fresh data...
Cache updated successfully
Cache miss, fetching fresh data...
Cache updated successfully
Cache miss, fetching fresh data...
Cache updated successfully
Cache miss, fetching fresh data...
Cache updated successfully
Cache miss, fetching fresh data...
Cache updated successfully
Cache miss, fetching fresh data...
Cache updated successfully
Cache miss, fetching fresh data...
Cache updated successfully
Cache miss, fetching fresh data...
Cache updated successfully
Cache miss, fetching fresh data...
Cache updated successfully
Cache miss, fetching fresh data...
Cache updated successfully
Cache miss, fetching fresh data...
Cache updated successfully
Cache miss, fetching fresh data...
Cache updated successfully
Cache miss, fetching fresh data...
Cache updated successfully
Cache miss, fetching fresh data...
Cache updated successfully
Cache miss, fetching fresh data...
Cache updated successfully
Cache miss, fetching fresh data...
Cache updated successfully
Cache miss, fetching fresh data...
Cache updated successfully
Cache miss, fetching fresh data...
Cache updated successfully
Cache miss, fetching fresh data...
Cache updated successfully
Cache miss, fetching fresh data...
Cache updated successfully
Cache miss, fetching fresh data...
Cache updated successfully
Cache miss, fetching fresh data...
Cache updated successfully
Cache miss, fetching fresh data...
Cache updated successfully
Cache miss, fetching fresh data...
Cache updated successfully
Cache miss, fetching fresh data...
Cache updated successfully
Cache miss, fetching fresh data...
Cache updated successfully
Cache miss, fetching fresh data...
Cache updated successfully
Cache miss, fetching fresh data...
Cache updated successfully
Cache miss, fetching fresh data...
Cache updated successfully
Cache miss, fetching fresh data...
Cache updated successfully
Cache miss, fetching fresh data...
Cache updated successfully
Cache miss, fetching fresh data...
Cache updated successfully
Cache miss, fetching fresh data...
Cache updated successfully
Cache miss, fetching fresh data...
Cache updated successfully
Cache miss, fetching fresh data...
Cache updated successfully
Cache miss, fetching fresh data...
Cache updated successfully
Cache miss, fetching fresh data...
Cache updated successfully
Cache miss, fetching fresh data...
Cache updated successfully
Cache miss, fetching fresh data...
Cache updated successfully
Cache miss, fetching fresh data...
Cache updated successfully
Cache miss, fetching fresh data...
Cache updated successfully
Cache miss, fetching fresh data...
Cache updated successfully
Cache miss, fetching fresh data...
Cache updated successfully
Cache miss, fetching fresh data...
Cache updated successfully
Cache miss, fetching fresh data...
Cache updated successfully
Cache miss, fetching fresh data...
Cache updated successfully
Cache miss, fetching fresh data...
Cache updated successfully
Cache miss, fetching fresh data...
Cache updated successfully
Cache miss, fetching fresh data...
Cache updated successfully
Cache miss, fetching fresh data...
Cache updated successfully
Cache miss, fetching fresh data...
Cache updated successfully
Cache miss, fetching fresh data...
Cache updated successfully
Cache miss, fetching fresh data...
Cache updated successfully
Cache hit: 25s old
Cache miss, fetching fresh data...
Cache updated successfully
Cache hit: 1s old
Cache hit: 13s old
Cache hit: 13s old
Cache miss, fetching fresh data...
Cache updated successfully
Cache miss, fetching fresh data...
Cache updated successfully
Cache miss, fetching fresh data...
Cache updated successfully
Cache hit: 30s old
Cache miss, fetching fresh data...
Cache updated successfully
Cache hit: 30s old
Cache miss, fetching fresh data...
Cache updated successfully
Cache miss, fetching fresh data...
Cache updated successfully
Cache miss, fetching fresh data...
Cache updated successfully
Cache hit: 0s old
